This is XeTeX, Version 3.141592653-2.6-0.999993 (TeX Live 2021/W32TeX) (preloaded format=xelatex 2021.5.14)  15 DEC 2023 10:36
entering extended mode
 restricted \write18 enabled.
 %&-line parsing enabled.
**index.tex
(./index.tex
LaTeX2e <2020-10-01> patch level 4
L3 programming layer <2021-05-07> (./agujournal2019.cls
Document Class: agujournal2019 01/14/2019

(c:/Users/alosvendsen/AppData/Roaming/TinyTeX/texmf-dist/tex/latex/graphics/gra
phicx.sty
Package: graphicx 2020/09/09 v1.2b Enhanced LaTeX Graphics (DPC,SPQR)

(c:/Users/alosvendsen/AppData/Roaming/TinyTeX/texmf-dist/tex/latex/graphics/key
val.sty
Package: keyval 2014/10/28 v1.15 key=value parser (DPC)
\KV@toks@=\toks15
)
(c:/Users/alosvendsen/AppData/Roaming/TinyTeX/texmf-dist/tex/latex/graphics/gra
phics.sty
Package: graphics 2020/08/30 v1.4c Standard LaTeX Graphics (DPC,SPQR)

(c:/Users/alosvendsen/AppData/Roaming/TinyTeX/texmf-dist/tex/latex/graphics/tri
g.sty
Package: trig 2016/01/03 v1.10 sin cos tan (DPC)
)
(c:/Users/alosvendsen/AppData/Roaming/TinyTeX/texmf-dist/tex/latex/graphics-cfg
/graphics.cfg
File: graphics.cfg 2016/06/04 v1.11 sample graphics configuration
)
Package graphics Info: Driver file: xetex.def on input line 105.

(c:/Users/alosvendsen/AppData/Roaming/TinyTeX/texmf-dist/tex/latex/graphics-def
/xetex.def
File: xetex.def 2021/03/18 v5.0k Graphics/color driver for xetex
))
\Gin@req@height=\dimen138
\Gin@req@width=\dimen139
)
(c:/Users/alosvendsen/AppData/Roaming/TinyTeX/texmf-dist/tex/latex/xcolor/xcolo
r.sty
Package: xcolor 2016/05/11 v2.12 LaTeX color extensions (UK)

(c:/Users/alosvendsen/AppData/Roaming/TinyTeX/texmf-dist/tex/latex/graphics-cfg
/color.cfg
File: color.cfg 2016/01/02 v1.6 sample color configuration
)
Package xcolor Info: Driver file: xetex.def on input line 225.
Package xcolor Info: Model `cmy' substituted by `cmy0' on input line 1348.
Package xcolor Info: Model `RGB' extended on input line 1364.
Package xcolor Info: Model `HTML' substituted by `rgb' on input line 1366.
Package xcolor Info: Model `Hsb' substituted by `hsb' on input line 1367.
Package xcolor Info: Model `tHsb' substituted by `hsb' on input line 1368.
Package xcolor Info: Model `HSB' substituted by `hsb' on input line 1369.
Package xcolor Info: Model `Gray' substituted by `gray' on input line 1370.
Package xcolor Info: Model `wave' substituted by `hsb' on input line 1371.

(c:/Users/alosvendsen/AppData/Roaming/TinyTeX/texmf-dist/tex/latex/graphics/dvi
psnam.def
File: dvipsnam.def 2016/06/17 v3.0m Driver-dependent file (DPC,SPQR)
)
(c:/Users/alosvendsen/AppData/Roaming/TinyTeX/texmf-dist/tex/latex/xcolor/svgna
m.def
File: svgnam.def 2016/05/11 v2.12 Predefined colors according to SVG 1.1 (UK)
)
(c:/Users/alosvendsen/AppData/Roaming/TinyTeX/texmf-dist/tex/latex/xcolor/x11na
m.def
File: x11nam.def 2016/05/11 v2.12 Predefined colors according to Unix/X11 (UK)
)) (c:/Users/alosvendsen/AppData/Roaming/TinyTeX/texmf-dist/tex/latex/url/url.s
ty
\Urlmuskip=\muskip16
Package: url 2013/09/16  ver 3.4  Verb mode for urls, etc.
)

! LaTeX Error: File `lineno.sty' not found.

Type X to quit or <RETURN> to proceed,
or enter new name. (Default extension: sty)

Enter file name: 
! Emergency stop.
<read *> 
         
l.104 \advance
              \linenumbersep 12pt^^M 
Here is how much of TeX's memory you used:
 1505 strings out of 478774
 21665 string characters out of 5862448
 353452 words of memory out of 5000000
 21575 multiletter control sequences out of 15000+600000
 403430 words of font info for 27 fonts, out of 8000000 for 9000
 14 hyphenation exceptions out of 8191
 70i,0n,76p,183b,34s stack positions out of 5000i,500n,10000p,200000b,80000s

No pages of output.
